<?xml version="1.0" encoding="UTF-8"?>
<!-- Generated by org.testng.reporters.JUnitXMLReporter -->
<testsuite ignored="0" hostname="DESKTOP-DGD0HF4" failures="0" tests="4" name="Default test" time="17.533" errors="0" timestamp="2023-06-04T13:23:34 IST">
  <testcase classname="com.TestLayer.RegisterPageTest" name="validateContactInformation" time="1.12"/>
  <testcase classname="com.TestLayer.RegisterPageTest" name="validateMailingInformation" time="0.887"/>
  <testcase classname="com.TestLayer.RegisterPageTest" name="validateUserInformation" time="3.546"/>
  <testcase classname="com.TestLayer.RegisterPageTest" name="gitProgram" time="0.007"/>
</testsuite> <!-- Default test -->
