<?xml version="1.0" encoding="UTF-8"?>
<!-- Generated by org.testng.reporters.JUnitXMLReporter -->
<testsuite ignored="0" hostname="DESKTOP-DGD0HF4" failures="0" tests="3" name="Default test" time="24.537" errors="0" timestamp="2023-06-04T12:55:13 IST">
  <testcase classname="com.TestLayer.RegisterPageTest" name="validateContactInformation" time="1.166"/>
  <testcase classname="com.TestLayer.RegisterPageTest" name="validateMailingInformation" time="0.763"/>
  <testcase classname="com.TestLayer.RegisterPageTest" name="validateUserInformation" time="4.442"/>
</testsuite> <!-- Default test -->
